0 verbose cli /usr/bin/node /usr/bin/npm
1 info using npm@10.9.3
2 info using node@v22.19.0
3 silly config load:file:/usr/lib/node_modules/npm/npmrc
4 silly config load:file:/usr/src/app/.npmrc
5 silly config load:file:/data/.npmrc
6 silly config load:file:/usr/etc/npmrc
7 verbose title npm install
8 verbose argv "install"
9 verbose logfile logs-max:10 dir:/data/.npm/_logs/2025-09-17T22_02_01_474Z-
10 verbose logfile /data/.npm/_logs/2025-09-17T22_02_01_474Z-debug-0.log
11 silly logfile start cleaning logs, removing 1 files
12 silly packumentCache heap:2197815296 maxSize:549453824 maxEntrySize:274726912
13 silly logfile done cleaning log files
14 silly idealTree buildDeps
15 silly reify moves {}
16 silly audit bulk request {
16 silly audit   '@adobe/css-tools': [ '4.4.3' ],
16 silly audit   '@asamuzakjp/css-color': [ '3.2.0' ],
16 silly audit   'lru-cache': [ '10.4.3', '5.1.1' ],
16 silly audit   '@babel/code-frame': [ '7.27.1' ],
16 silly audit   '@babel/compat-data': [ '7.28.0' ],
16 silly audit   '@babel/core': [ '7.28.4' ],
16 silly audit   '@babel/generator': [ '7.28.3' ],
16 silly audit   '@babel/helper-annotate-as-pure': [ '7.27.3' ],
16 silly audit   '@babel/helper-compilation-targets': [ '7.27.2' ],
16 silly audit   '@babel/helper-create-class-features-plugin': [ '7.28.3' ],
16 silly audit   '@babel/helper-create-regexp-features-plugin': [ '7.27.1' ],
16 silly audit   '@babel/helper-define-polyfill-provider': [ '0.6.5' ],
16 silly audit   '@babel/helper-globals': [ '7.28.0' ],
16 silly audit   '@babel/helper-member-expression-to-functions': [ '7.27.1' ],
16 silly audit   '@babel/helper-module-imports': [ '7.27.1' ],
16 silly audit   '@babel/helper-module-transforms': [ '7.28.3' ],
16 silly audit   '@babel/helper-optimise-call-expression': [ '7.27.1' ],
16 silly audit   '@babel/helper-plugin-utils': [ '7.27.1' ],
16 silly audit   '@babel/helper-remap-async-to-generator': [ '7.27.1' ],
16 silly audit   '@babel/helper-replace-supers': [ '7.27.1' ],
16 silly audit   '@babel/helper-skip-transparent-expression-wrappers': [ '7.27.1' ],
16 silly audit   '@babel/helper-string-parser': [ '7.27.1' ],
16 silly audit   '@babel/helper-validator-identifier': [ '7.27.1' ],
16 silly audit   '@babel/helper-validator-option': [ '7.27.1' ],
16 silly audit   '@babel/helper-wrap-function': [ '7.28.3' ],
16 silly audit   '@babel/helpers': [ '7.28.4' ],
16 silly audit   '@babel/parser': [ '7.28.4' ],
16 silly audit   '@babel/plugin-bugfix-firefox-class-in-computed-class-key': [ '7.27.1' ],
16 silly audit   '@babel/plugin-bugfix-safari-class-field-initializer-scope': [ '7.27.1' ],
16 silly audit   '@babel/plugin-bugfix-safari-id-destructuring-collision-in-function-expression': [ '7.27.1' ],
16 silly audit   '@babel/plugin-bugfix-v8-spread-parameters-in-optional-chaining': [ '7.27.1' ],
16 silly audit   '@babel/plugin-bugfix-v8-static-class-fields-redefine-readonly': [ '7.28.3' ],
16 silly audit   '@babel/plugin-proposal-private-property-in-object': [ '7.21.0-placeholder-for-preset-env.2' ],
16 silly audit   '@babel/plugin-syntax-async-generators': [ '7.8.4' ],
16 silly audit   '@babel/plugin-syntax-bigint': [ '7.8.3' ],
16 silly audit   '@babel/plugin-syntax-class-properties': [ '7.12.13' ],
16 silly audit   '@babel/plugin-syntax-class-static-block': [ '7.14.5' ],
16 silly audit   '@babel/plugin-syntax-import-assertions': [ '7.27.1' ],
16 silly audit   '@babel/plugin-syntax-import-attributes': [ '7.27.1' ],
16 silly audit   '@babel/plugin-syntax-import-meta': [ '7.10.4' ],
16 silly audit   '@babel/plugin-syntax-json-strings': [ '7.8.3' ],
16 silly audit   '@babel/plugin-syntax-jsx': [ '7.27.1' ],
16 silly audit   '@babel/plugin-syntax-logical-assignment-operators': [ '7.10.4' ],
16 silly audit   '@babel/plugin-syntax-nullish-coalescing-operator': [ '7.8.3' ],
16 silly audit   '@babel/plugin-syntax-numeric-separator': [ '7.10.4' ],
16 silly audit   '@babel/plugin-syntax-object-rest-spread': [ '7.8.3' ],
16 silly audit   '@babel/plugin-syntax-optional-catch-binding': [ '7.8.3' ],
16 silly audit   '@babel/plugin-syntax-optional-chaining': [ '7.8.3' ],
16 silly audit   '@babel/plugin-syntax-private-property-in-object': [ '7.14.5' ],
16 silly audit   '@babel/plugin-syntax-top-level-await': [ '7.14.5' ],
16 silly audit   '@babel/plugin-syntax-typescript': [ '7.27.1' ],
16 silly audit   '@babel/plugin-syntax-unicode-sets-regex': [ '7.18.6' ],
16 silly audit   '@babel/plugin-transform-arrow-functions': [ '7.27.1' ],
16 silly audit   '@babel/plugin-transform-async-generator-functions': [ '7.28.0' ],
16 silly audit   '@babel/plugin-transform-async-to-generator': [ '7.27.1' ],
16 silly audit   '@babel/plugin-transform-block-scoped-functions': [ '7.27.1' ],
16 silly audit   '@babel/plugin-transform-block-scoping': [ '7.28.0' ],
16 silly audit   '@babel/plugin-transform-class-properties': [ '7.27.1' ],
16 silly audit   '@babel/plugin-transform-class-static-block': [ '7.28.3' ],
16 silly audit   '@babel/plugin-transform-classes': [ '7.28.3' ],
16 silly audit   '@babel/plugin-transform-computed-properties': [ '7.27.1' ],
16 silly audit   '@babel/plugin-transform-destructuring': [ '7.28.0' ],
16 silly audit   '@babel/plugin-transform-dotall-regex': [ '7.27.1' ],
16 silly audit   '@babel/plugin-transform-duplicate-keys': [ '7.27.1' ],
16 silly audit   '@babel/plugin-transform-duplicate-named-capturing-groups-regex': [ '7.27.1' ],
16 silly audit   '@babel/plugin-transform-dynamic-import': [ '7.27.1' ],
16 silly audit   '@babel/plugin-transform-explicit-resource-management': [ '7.28.0' ],
16 silly audit   '@babel/plugin-transform-exponentiation-operator': [ '7.27.1' ],
16 silly audit   '@babel/plugin-transform-export-namespace-from': [ '7.27.1' ],
16 silly audit   '@babel/plugin-transform-for-of': [ '7.27.1' ],
16 silly audit   '@babel/plugin-transform-function-name': [ '7.27.1' ],
16 silly audit   '@babel/plugin-transform-json-strings': [ '7.27.1' ],
16 silly audit   '@babel/plugin-transform-literals': [ '7.27.1' ],
16 silly audit   '@babel/plugin-transform-logical-assignment-operators': [ '7.27.1' ],
16 silly audit   '@babel/plugin-transform-member-expression-literals': [ '7.27.1' ],
16 silly audit   '@babel/plugin-transform-modules-amd': [ '7.27.1' ],
16 silly audit   '@babel/plugin-transform-modules-commonjs': [ '7.27.1' ],
16 silly audit   '@babel/plugin-transform-modules-systemjs': [ '7.27.1' ],
16 silly audit   '@babel/plugin-transform-modules-umd': [ '7.27.1' ],
16 silly audit   '@babel/plugin-transform-named-capturing-groups-regex': [ '7.27.1' ],
16 silly audit   '@babel/plugin-transform-new-target': [ '7.27.1' ],
16 silly audit   '@babel/plugin-transform-nullish-coalescing-operator': [ '7.27.1' ],
16 silly audit   '@babel/plugin-transform-numeric-separator': [ '7.27.1' ],
16 silly audit   '@babel/plugin-transform-object-rest-spread': [ '7.28.0' ],
16 silly audit   '@babel/plugin-transform-object-super': [ '7.27.1' ],
16 silly audit   '@babel/plugin-transform-optional-catch-binding': [ '7.27.1' ],
16 silly audit   '@babel/plugin-transform-optional-chaining': [ '7.27.1' ],
16 silly audit   '@babel/plugin-transform-parameters': [ '7.27.7' ],
16 silly audit   '@babel/plugin-transform-private-methods': [ '7.27.1' ],
16 silly audit   '@babel/plugin-transform-private-property-in-object': [ '7.27.1' ],
16 silly audit   '@babel/plugin-transform-property-literals': [ '7.27.1' ],
16 silly audit   '@babel/plugin-transform-react-display-name': [ '7.28.0' ],
16 silly audit   '@babel/plugin-transform-react-jsx': [ '7.27.1' ],
16 silly audit   '@babel/plugin-transform-react-jsx-development': [ '7.27.1' ],
16 silly audit   '@babel/plugin-transform-react-pure-annotations': [ '7.27.1' ],
16 silly audit   '@babel/plugin-transform-regenerator': [ '7.28.3' ],
16 silly audit   '@babel/plugin-transform-regexp-modifiers': [ '7.27.1' ],
16 silly audit   '@babel/plugin-transform-reserved-words': [ '7.27.1' ],
16 silly audit   '@babel/plugin-transform-shorthand-properties': [ '7.27.1' ],
16 silly audit   '@babel/plugin-transform-spread': [ '7.27.1' ],
16 silly audit   '@babel/plugin-transform-sticky-regex': [ '7.27.1' ],
16 silly audit   '@babel/plugin-transform-template-literals': [ '7.27.1' ],
16 silly audit   '@babel/plugin-transform-typeof-symbol': [ '7.27.1' ],
16 silly audit   '@babel/plugin-transform-typescript': [ '7.27.1' ],
16 silly audit   '@babel/plugin-transform-unicode-escapes': [ '7.27.1' ],
16 silly audit   '@babel/plugin-transform-unicode-property-regex': [ '7.27.1' ],
16 silly audit   '@babel/plugin-transform-unicode-regex': [ '7.27.1' ],
16 silly audit   '@babel/plugin-transform-unicode-sets-regex': [ '7.27.1' ],
16 silly audit   '@babel/preset-env': [ '7.28.3' ],
16 silly audit   '@babel/preset-modules': [ '0.1.6-no-external-plugins' ],
16 silly audit   '@babel/preset-react': [ '7.27.1' ],
16 silly audit   '@babel/preset-typescript': [ '7.27.1' ],
16 silly audit   '@babel/runtime': [ '7.28.3' ],
16 silly audit   '@babel/template': [ '7.27.2' ],
16 silly audit   '@babel/traverse': [ '7.28.4' ],
16 silly audit   '@babel/types': [ '7.28.4' ],
16 silly audit   '@bcoe/v8-coverage': [ '0.2.3' ],
16 silly audit   '@bundled-es-modules/cookie': [ '2.0.1' ],
16 silly audit   cookie: [ '0.7.2', '1.0.2' ],
16 silly audit   '@bundled-es-modules/statuses': [ '1.0.1' ],
16 silly audit   '@csstools/color-helpers': [ '5.1.0' ],
16 silly audit   '@csstools/css-calc': [ '2.1.4' ],
16 silly audit   '@csstools/css-color-parser': [ '3.1.0' ],
16 silly audit   '@csstools/css-parser-algorithms': [ '3.0.5' ],
16 silly audit   '@csstools/css-tokenizer': [ '3.0.4' ],
16 silly audit   '@discoveryjs/json-ext': [ '0.6.3' ],
16 silly audit   '@dnd-kit/accessibility': [ '3.1.1' ],
16 silly audit   '@dnd-kit/core': [ '6.3.1' ],
16 silly audit   '@dnd-kit/sortable': [ '10.0.0' ],
16 silly audit   '@dnd-kit/utilities': [ '3.2.2' ],
16 silly audit   '@emnapi/core': [ '1.5.0' ],
16 silly audit   '@emnapi/runtime': [ '1.5.0' ],
16 silly audit   '@emnapi/wasi-threads': [ '1.1.0' ],
16 silly audit   '@eslint-community/eslint-utils': [ '4.9.0' ],
16 silly audit   '@eslint-community/regexpp': [ '4.12.1' ],
16 silly audit   '@eslint/config-array': [ '0.21.0' ],
16 silly audit   '@eslint/config-helpers': [ '0.3.1' ],
16 silly audit   '@eslint/core': [ '0.15.2' ],
16 silly audit   '@eslint/eslintrc': [ '3.3.1' ],
16 silly audit   '@eslint/js': [ '9.35.0' ],
16 silly audit   '@eslint/object-schema': [ '2.1.6' ],
16 silly audit   '@eslint/plugin-kit': [ '0.3.5' ],
16 silly audit   '@humanfs/core': [ '0.19.1' ],
16 silly audit   '@humanfs/node': [ '0.16.6' ],
16 silly audit   '@humanwhocodes/retry': [ '0.3.1', '0.4.3' ],
16 silly audit   '@humanwhocodes/module-importer': [ '1.0.1' ],
16 silly audit   '@inquirer/confirm': [ '5.1.13' ],
16 silly audit   '@inquirer/core': [ '10.1.14' ],
16 silly audit   'signal-exit': [ '4.1.0', '3.0.7' ],
16 silly audit   'wrap-ansi': [ '6.2.0', '8.1.0', '7.0.0' ],
16 silly audit   '@inquirer/figures': [ '1.0.12' ],
16 silly audit   '@inquirer/type': [ '3.0.7' ],
16 silly audit   '@isaacs/cliui': [ '8.0.2' ],
16 silly audit   'ansi-regex': [ '6.2.0', '5.0.1' ],
16 silly audit   'ansi-styles': [ '6.2.1', '5.2.0', '4.3.0' ],
16 silly audit   'emoji-regex': [ '9.2.2', '8.0.0' ],
16 silly audit   'string-width': [ '5.1.2', '4.2.3' ],
16 silly audit   'strip-ansi': [ '7.1.0', '6.0.1' ],
16 silly audit   '@istanbuljs/load-nyc-config': [ '1.1.0' ],
16 silly audit   argparse: [ '1.0.10', '2.0.1' ],
16 silly audit   'find-up': [ '4.1.0', '5.0.0' ],
16 silly audit   'js-yaml': [ '3.14.1', '4.1.0' ],
16 silly audit   'locate-path': [ '5.0.0', '6.0.0' ],
16 silly audit   'p-limit': [ '2.3.0', '3.1.0' ],
16 silly audit   'p-locate': [ '4.1.0', '5.0.0' ],
16 silly audit   'resolve-from': [ '5.0.0', '4.0.0' ],
16 silly audit   '@istanbuljs/schema': [ '0.1.3' ],
16 silly audit   '@jest/console': [ '30.1.2' ],
16 silly audit   '@jest/core': [ '30.1.3' ],
16 silly audit   '@jest/schemas': [ '30.0.5', '30.0.1' ],
16 silly audit   'pretty-format': [ '30.0.5', '30.0.2', '27.5.1' ],
16 silly audit   'react-is': [ '18.3.1', '17.0.2', '16.13.1' ],
16 silly audit   '@jest/diff-sequences': [ '30.0.1' ],
16 silly audit   '@jest/environment': [ '30.1.2' ],
16 silly audit   '@jest/environment-jsdom-abstract': [ '30.1.2' ],
16 silly audit   '@jest/expect': [ '30.1.2' ],
16 silly audit   '@jest/expect-utils': [ '30.1.2' ],
16 silly audit   '@jest/fake-timers': [ '30.1.2' ],
16 silly audit   '@jest/get-type': [ '30.1.0' ],
16 silly audit   '@jest/globals': [ '30.1.2' ],
16 silly audit   '@jest/pattern': [ '30.0.1' ],
16 silly audit   '@jest/reporters': [ '30.1.3' ],
16 silly audit   'brace-expansion': [ '2.0.2', '1.1.12' ],
16 silly audit   glob: [ '10.4.5', '7.2.3' ],
16 silly audit   'jest-worker': [ '30.1.0', '27.5.1' ],
16 silly audit   minimatch: [ '9.0.5', '3.1.2' ],
16 silly audit   'supports-color': [ '8.1.1', '7.2.0' ],
16 silly audit   '@jest/snapshot-utils': [ '30.1.2' ],
16 silly audit   '@jest/source-map': [ '30.0.1' ],
16 silly audit   '@jest/test-result': [ '30.1.3' ],
16 silly audit   '@jest/test-sequencer': [ '30.1.3' ],
16 silly audit   '@jest/transform': [ '30.1.2' ],
16 silly audit   '@jest/types': [ '30.0.5' ],
16 silly audit   '@jridgewell/gen-mapping': [ '0.3.13' ],
16 silly audit   '@jridgewell/remapping': [ '2.3.5' ],
16 silly audit   '@jridgewell/resolve-uri': [ '3.1.2' ],
16 silly audit   '@jridgewell/source-map': [ '0.3.6' ],
16 silly audit   '@jridgewell/sourcemap-codec': [ '1.5.0' ],
16 silly audit   '@jridgewell/trace-mapping': [ '0.3.30' ],
16 silly audit   '@mswjs/interceptors': [ '0.39.2' ],
16 silly audit   '@napi-rs/wasm-runtime': [ '0.2.12' ],
16 silly audit   '@nodelib/fs.scandir': [ '2.1.5' ],
16 silly audit   '@nodelib/fs.stat': [ '2.0.5' ],
16 silly audit   '@nodelib/fs.walk': [ '1.2.8' ],
16 silly audit   '@open-draft/deferred-promise': [ '2.2.0' ],
16 silly audit   '@open-draft/logger': [ '0.3.0' ],
16 silly audit   '@open-draft/until': [ '2.1.0' ],
16 silly audit   '@parcel/watcher': [ '2.5.1' ],
16 silly audit   '@parcel/watcher-android-arm64': [ '2.5.1' ],
16 silly audit   '@parcel/watcher-darwin-arm64': [ '2.5.1' ],
16 silly audit   '@parcel/watcher-darwin-x64': [ '2.5.1' ],
16 silly audit   '@parcel/watcher-freebsd-x64': [ '2.5.1' ],
16 silly audit   '@parcel/watcher-linux-arm-glibc': [ '2.5.1' ],
16 silly audit   '@parcel/watcher-linux-arm-musl': [ '2.5.1' ],
16 silly audit   '@parcel/watcher-linux-arm64-glibc': [ '2.5.1' ],
16 silly audit   '@parcel/watcher-linux-arm64-musl': [ '2.5.1' ],
16 silly audit   '@parcel/watcher-linux-x64-glibc': [ '2.5.1' ],
16 silly audit   '@parcel/watcher-linux-x64-musl': [ '2.5.1' ],
16 silly audit   '@parcel/watcher-win32-arm64': [ '2.5.1' ],
16 silly audit   '@parcel/watcher-win32-ia32': [ '2.5.1' ],
16 silly audit   '@parcel/watcher-win32-x64': [ '2.5.1' ],
16 silly audit   '@pkgjs/parseargs': [ '0.11.0' ],
16 silly audit   '@pkgr/core': [ '0.2.9' ],
16 silly audit   '@popperjs/core': [ '2.11.8' ],
16 silly audit   '@reduxjs/toolkit': [ '2.9.0' ],
16 silly audit   '@sinclair/typebox': [ '0.34.37' ],
16 silly audit   '@sinonjs/commons': [ '3.0.1' ],
16 silly audit   '@sinonjs/fake-timers': [ '13.0.5' ],
16 silly audit   '@standard-schema/spec': [ '1.0.0' ],
16 silly audit   '@standard-schema/utils': [ '0.3.0' ],
16 silly audit   '@testing-library/dom': [ '10.4.1' ],
16 silly audit   '@testing-library/jest-dom': [ '6.8.0' ],
16 silly audit   'dom-accessibility-api': [ '0.6.3', '0.5.16' ],
16 silly audit   '@testing-library/react': [ '16.3.0' ],
16 silly audit   '@testing-library/user-event': [ '14.6.1' ],
16 silly audit   '@tybys/wasm-util': [ '0.10.0' ],
16 silly audit   '@types/aria-query': [ '5.0.4' ],
16 silly audit   '@types/babel__core': [ '7.20.5' ],
16 silly audit   '@types/babel__generator': [ '7.27.0' ],
16 silly audit   '@types/babel__template': [ '7.4.4' ],
16 silly audit   '@types/babel__traverse': [ '7.20.7' ],
16 silly audit   '@types/bootstrap': [ '5.2.10' ],
16 silly audit   '@types/cookie': [ '0.6.0' ],
16 silly audit   '@types/eslint': [ '9.6.1' ],
16 silly audit   '@types/eslint-scope': [ '3.7.7' ],
16 silly audit   '@types/estree': [ '1.0.8' ],
16 silly audit   '@types/istanbul-lib-coverage': [ '2.0.6' ],
16 silly audit   '@types/istanbul-lib-report': [ '3.0.3' ],
16 silly audit   '@types/istanbul-reports': [ '3.0.4' ],
16 silly audit   '@types/jest': [ '30.0.0' ],
16 silly audit   '@types/jquery': [ '3.5.33' ],
16 silly audit   '@types/jsdom': [ '21.1.7' ],
16 silly audit   '@types/json-schema': [ '7.0.15' ],
16 silly audit   '@types/node': [ '22.13.0' ],
16 silly audit   '@types/react': [ '19.1.12' ],
16 silly audit   '@types/react-dom': [ '19.1.9' ],
16 silly audit   '@types/sizzle': [ '2.3.9' ],
16 silly audit   '@types/stack-utils': [ '2.0.3' ],
16 silly audit   '@types/statuses': [ '2.0.6' ],
16 silly audit   '@types/tough-cookie': [ '4.0.5' ],
16 silly audit   '@types/use-sync-external-store': [ '0.0.6' ],
16 silly audit   '@types/yargs': [ '17.0.33' ],
16 silly audit   '@types/yargs-parser': [ '21.0.3' ],
16 silly audit   '@typescript-eslint/eslint-plugin': [ '8.43.0' ],
16 silly audit   ignore: [ '7.0.5', '5.3.2' ],
16 silly audit   '@typescript-eslint/parser': [ '8.43.0' ],
16 silly audit   '@typescript-eslint/project-service': [ '8.43.0' ],
16 silly audit   '@typescript-eslint/scope-manager': [ '8.43.0' ],
16 silly audit   '@typescript-eslint/tsconfig-utils': [ '8.43.0' ],
16 silly audit   '@typescript-eslint/type-utils': [ '8.43.0' ],
16 silly audit   '@typescript-eslint/types': [ '8.43.0' ],
16 silly audit   '@typescript-eslint/typescript-estree': [ '8.43.0' ],
16 silly audit   semver: [ '7.7.2', '7.7.0', '6.3.1' ],
16 silly audit   '@typescript-eslint/utils': [ '8.43.0' ],
16 silly audit   '@typescript-eslint/visitor-keys': [ '8.43.0' ],
16 silly audit   'eslint-visitor-keys': [ '4.2.1', '3.4.3' ],
16 silly audit   '@ungap/structured-clone': [ '1.3.0' ],
16 silly audit   '@unrs/resolver-binding-android-arm-eabi': [ '1.11.1' ],
16 silly audit   '@unrs/resolver-binding-android-arm64': [ '1.11.1' ],
16 silly audit   '@unrs/resolver-binding-darwin-arm64': [ '1.11.1' ],
16 silly audit   '@unrs/resolver-binding-darwin-x64': [ '1.11.1' ],
16 silly audit   '@unrs/resolver-binding-freebsd-x64': [ '1.11.1' ],
16 silly audit   '@unrs/resolver-binding-linux-arm-gnueabihf': [ '1.11.1' ],
16 silly audit   '@unrs/resolver-binding-linux-arm-musleabihf': [ '1.11.1' ],
16 silly audit   '@unrs/resolver-binding-linux-arm64-gnu': [ '1.11.1' ],
16 silly audit   '@unrs/resolver-binding-linux-arm64-musl': [ '1.11.1' ],
16 silly audit   '@unrs/resolver-binding-linux-ppc64-gnu': [ '1.11.1' ],
16 silly audit   '@unrs/resolver-binding-linux-riscv64-gnu': [ '1.11.1' ],
16 silly audit   '@unrs/resolver-binding-linux-riscv64-musl': [ '1.11.1' ],
16 silly audit   '@unrs/resolver-binding-linux-s390x-gnu': [ '1.11.1' ],
16 silly audit   '@unrs/resolver-binding-linux-x64-gnu': [ '1.11.1' ],
16 silly audit   '@unrs/resolver-binding-linux-x64-musl': [ '1.11.1' ],
16 silly audit   '@unrs/resolver-binding-wasm32-wasi': [ '1.11.1' ],
16 silly audit   '@unrs/resolver-binding-win32-arm64-msvc': [ '1.11.1' ],
16 silly audit   '@unrs/resolver-binding-win32-ia32-msvc': [ '1.11.1' ],
16 silly audit   '@unrs/resolver-binding-win32-x64-msvc': [ '1.11.1' ],
16 silly audit   '@webassemblyjs/ast': [ '1.14.1' ],
16 silly audit   '@webassemblyjs/floating-point-hex-parser': [ '1.13.2' ],
16 silly audit   '@webassemblyjs/helper-api-error': [ '1.13.2' ],
16 silly audit   '@webassemblyjs/helper-buffer': [ '1.14.1' ],
16 silly audit   '@webassemblyjs/helper-numbers': [ '1.13.2' ],
16 silly audit   '@webassemblyjs/helper-wasm-bytecode': [ '1.13.2' ],
16 silly audit   '@webassemblyjs/helper-wasm-section': [ '1.14.1' ],
16 silly audit   '@webassemblyjs/ieee754': [ '1.13.2' ],
16 silly audit   '@webassemblyjs/leb128': [ '1.13.2' ],
16 silly audit   '@webassemblyjs/utf8': [ '1.13.2' ],
16 silly audit   '@webassemblyjs/wasm-edit': [ '1.14.1' ],
16 silly audit   '@webassemblyjs/wasm-gen': [ '1.14.1' ],
16 silly audit   '@webassemblyjs/wasm-opt': [ '1.14.1' ],
16 silly audit   '@webassemblyjs/wasm-parser': [ '1.14.1' ],
16 silly audit   '@webassemblyjs/wast-printer': [ '1.14.1' ],
16 silly audit   '@webpack-cli/configtest': [ '3.0.1' ],
16 silly audit   '@webpack-cli/info': [ '3.0.1' ],
16 silly audit   '@webpack-cli/serve': [ '3.0.1' ],
16 silly audit   '@xtuc/ieee754': [ '1.2.0' ],
16 silly audit   '@xtuc/long': [ '4.2.2' ],
16 silly audit   acorn: [ '8.15.0' ],
16 silly audit   'acorn-import-phases': [ '1.0.4' ],
16 silly audit   'acorn-jsx': [ '5.3.2' ],
16 silly audit   'agent-base': [ '7.1.4' ],
16 silly audit   ajv: [ '6.12.6', '8.17.1' ],
16 silly audit   'ajv-formats': [ '2.1.1' ],
16 silly audit   'json-schema-traverse': [ '1.0.0', '0.4.1' ],
16 silly audit   'ansi-escapes': [ '4.3.2' ],
16 silly audit   'type-fest': [ '0.21.3', '4.41.0' ],
16 silly audit   anymatch: [ '3.1.3' ],
16 silly audit   'aria-query': [ '5.3.0' ],
16 silly audit   'array-buffer-byte-length': [ '1.0.2' ],
16 silly audit   'array-includes': [ '3.1.8' ],
16 silly audit   'array.prototype.findlast': [ '1.2.5' ],
16 silly audit   'array.prototype.flat': [ '1.3.3' ],
16 silly audit   'array.prototype.flatmap': [ '1.3.3' ],
16 silly audit   'array.prototype.tosorted': [ '1.1.4' ],
16 silly audit   'arraybuffer.prototype.slice': [ '1.0.4' ],
16 silly audit   'async-function': [ '1.0.0' ],
16 silly audit   'available-typed-arrays': [ '1.0.7' ],
16 silly audit   'babel-jest': [ '30.1.2' ],
16 silly audit   'babel-loader': [ '10.0.0' ],
16 silly audit   'babel-plugin-istanbul': [ '7.0.0' ],
16 silly audit   'babel-plugin-jest-hoist': [ '30.0.1' ],
16 silly audit   'babel-plugin-polyfill-corejs2': [ '0.4.14' ],
16 silly audit   'babel-plugin-polyfill-corejs3': [ '0.13.0' ],
16 silly audit   'babel-plugin-polyfill-regenerator': [ '0.6.5' ],
16 silly audit   'babel-preset-current-node-syntax': [ '1.1.0' ],
16 silly audit   'babel-preset-jest': [ '30.0.1' ],
16 silly audit   'balanced-match': [ '1.0.2' ],
16 silly audit   bootstrap: [ '5.3.3' ],
16 silly audit   braces: [ '3.0.3' ],
16 silly audit   browserslist: [ '4.25.2' ],
16 silly audit   'bs-logger': [ '0.2.6' ],
16 silly audit   bser: [ '2.1.1' ],
16 silly audit   'buffer-from': [ '1.1.2' ],
16 silly audit   'call-bind': [ '1.0.8' ],
16 silly audit   'call-bind-apply-helpers': [ '1.0.2' ],
16 silly audit   'call-bound': [ '1.0.4' ],
16 silly audit   callsites: [ '3.1.0' ],
16 silly audit   camelcase: [ '5.3.1', '6.3.0' ],
16 silly audit   'caniuse-lite': [ '1.0.30001735' ],
16 silly audit   chalk: [ '4.1.2' ],
16 silly audit   'char-regex': [ '1.0.2' ],
16 silly audit   chokidar: [ '4.0.3' ],
16 silly audit   'chrome-trace-event': [ '1.0.4' ],
16 silly audit   'ci-info': [ '4.2.0' ],
16 silly audit   'cjs-module-lexer': [ '2.1.0' ],
16 silly audit   classnames: [ '2.5.1' ],
16 silly audit   'cli-width': [ '4.1.0' ],
16 silly audit   cliui: [ '8.0.1' ],
16 silly audit   'clone-deep': [ '4.0.1' ],
16 silly audit   co: [ '4.6.0' ],
16 silly audit   'collect-v8-coverage': [ '1.0.2' ],
16 silly audit   'color-convert': [ '2.0.1' ],
16 silly audit   'color-name': [ '1.1.4' ],
16 silly audit   colorette: [ '2.0.20' ],
16 silly audit   commander: [ '2.20.3', '12.1.0' ],
16 silly audit   'concat-map': [ '0.0.1' ],
16 silly audit   'convert-source-map': [ '2.0.0' ],
16 silly audit   'core-js-compat': [ '3.45.0' ],
16 silly audit   'cross-spawn': [ '7.0.6' ],
16 silly audit   'css-loader': [ '7.1.2' ],
16 silly audit   'css-toggle-switch': [ '4.1.0' ],
16 silly audit   'css.escape': [ '1.5.1' ],
16 silly audit   cssesc: [ '3.0.0' ],
16 silly audit   cssstyle: [ '4.6.0' ],
16 silly audit   csstype: [ '3.1.3' ],
16 silly audit   'data-urls': [ '5.0.0' ],
16 silly audit   'data-view-buffer': [ '1.0.2' ],
16 silly audit   'data-view-byte-length': [ '1.0.2' ],
16 silly audit   'data-view-byte-offset': [ '1.0.1' ],
16 silly audit   debug: [ '4.4.1' ],
16 silly audit   'decimal.js': [ '10.6.0' ],
16 silly audit   dedent: [ '1.7.0' ],
16 silly audit   'deep-is': [ '0.1.4' ],
16 silly audit   deepmerge: [ '4.3.1' ],
16 silly audit   'define-data-property': [ '1.1.4' ],
16 silly audit   'define-properties': [ '1.2.1' ],
16 silly audit   dequal: [ '2.0.3' ],
16 silly audit   'detect-libc': [ '1.0.3' ],
16 silly audit   'detect-newline': [ '3.1.0' ],
16 silly audit   'dunder-proto': [ '1.0.1' ],
16 silly audit   eastasianwidth: [ '0.2.0' ],
16 silly audit   'electron-to-chromium': [ '1.5.201' ],
16 silly audit   emittery: [ '0.13.1' ],
16 silly audit   'enhanced-resolve': [ '5.18.0' ],
16 silly audit   entities: [ '6.0.1' ],
16 silly audit   envinfo: [ '7.14.0' ],
16 silly audit   'error-ex': [ '1.3.2' ],
16 silly audit   'es-abstract': [ '1.23.9' ],
16 silly audit   'es-define-property': [ '1.0.1' ],
16 silly audit   'es-errors': [ '1.3.0' ],
16 silly audit   'es-iterator-helpers': [ '1.2.1' ],
16 silly audit   'es-module-lexer': [ '1.6.0' ],
16 silly audit   'es-object-atoms': [ '1.1.1' ],
16 silly audit   'es-set-tostringtag': [ '2.1.0' ],
16 silly audit   'es-shim-unscopables': [ '1.0.2' ],
16 silly audit   'es-to-primitive': [ '1.3.0' ],
16 silly audit   escalade: [ '3.2.0' ],
16 silly audit   'escape-string-regexp': [ '4.0.0', '2.0.0' ],
16 silly audit   eslint: [ '9.35.0' ],
16 silly audit   'eslint-plugin-react': [ '7.37.5' ],
16 silly audit   doctrine: [ '2.1.0' ],
16 silly audit   resolve: [ '2.0.0-next.5', '1.22.10' ],
16 silly audit   'eslint-scope': [ '8.4.0', '5.1.1' ],
16 silly audit   espree: [ '10.4.0' ],
16 silly audit   esprima: [ '4.0.1' ],
16 silly audit   esquery: [ '1.6.0' ],
16 silly audit   esrecurse: [ '4.3.0' ],
16 silly audit   estraverse: [ '5.3.0', '4.3.0' ],
16 silly audit   esutils: [ '2.0.3' ],
16 silly audit   events: [ '3.3.0' ],
16 silly audit   execa: [ '5.1.1' ],
16 silly audit   'exit-x': [ '0.2.2' ],
16 silly audit   expect: [ '30.1.2' ],
16 silly audit   'fast-deep-equal': [ '3.1.3' ],
16 silly audit   'fast-glob': [ '3.3.3' ],
16 silly audit   'glob-parent': [ '5.1.2', '6.0.2' ],
16 silly audit   'fast-json-stable-stringify': [ '2.1.0' ],
16 silly audit   'fast-levenshtein': [ '2.0.6' ],
16 silly audit   'fast-uri': [ '3.0.6' ],
16 silly audit   'fastest-levenshtein': [ '1.0.16' ],
16 silly audit   fastq: [ '1.19.1' ],
16 silly audit   'fb-watchman': [ '2.0.2' ],
16 silly audit   'file-entry-cache': [ '8.0.0' ],
16 silly audit   'fill-range': [ '7.1.1' ],
16 silly audit   flat: [ '5.0.2' ],
16 silly audit   'flat-cache': [ '4.0.1' ],
16 silly audit   flatted: [ '3.3.3' ],
16 silly audit   'for-each': [ '0.3.4' ],
16 silly audit   'foreground-child': [ '3.3.1' ],
16 silly audit   'fs.realpath': [ '1.0.0' ],
16 silly audit   fsevents: [ '2.3.3' ],
16 silly audit   'function-bind': [ '1.1.2' ],
16 silly audit   'function.prototype.name': [ '1.1.8' ],
16 silly audit   'functions-have-names': [ '1.2.3' ],
16 silly audit   gensync: [ '1.0.0-beta.2' ],
16 silly audit   'get-caller-file': [ '2.0.5' ],
16 silly audit   'get-intrinsic': [ '1.3.0' ],
16 silly audit   'get-package-type': [ '0.1.0' ],
16 silly audit   'get-proto': [ '1.0.1' ],
16 silly audit   'get-stream': [ '6.0.1' ],
16 silly audit   'get-symbol-description': [ '1.1.0' ],
16 silly audit   'glob-to-regexp': [ '0.4.1' ],
16 silly audit   globals: [ '14.0.0' ],
16 silly audit   globalthis: [ '1.0.4' ],
16 silly audit   gopd: [ '1.2.0' ],
16 silly audit   'graceful-fs': [ '4.2.11' ],
16 silly audit   graphemer: [ '1.4.0' ],
16 silly audit   graphql: [ '16.11.0' ],
16 silly audit   handlebars: [ '4.7.8' ],
16 silly audit   'has-bigints': [ '1.1.0' ],
16 silly audit   'has-flag': [ '4.0.0' ],
16 silly audit   'has-property-descriptors': [ '1.0.2' ],
16 silly audit   'has-proto': [ '1.2.0' ],
16 silly audit   'has-symbols': [ '1.1.0' ],
16 silly audit   'has-tostringtag': [ '1.0.2' ],
16 silly audit   hasown: [ '2.0.2' ],
16 silly audit   'headers-polyfill': [ '4.0.3' ],
16 silly audit   'html-encoding-sniffer': [ '4.0.0' ],
16 silly audit   'html-escaper': [ '2.0.2' ],
16 silly audit   'http-proxy-agent': [ '7.0.2' ],
16 silly audit   'https-proxy-agent': [ '7.0.6' ],
16 silly audit   'human-signals': [ '2.1.0' ],
16 silly audit   'iconv-lite': [ '0.6.3' ],
16 silly audit   'icss-utils': [ '5.1.0' ],
16 silly audit   immer: [ '10.1.1' ],
16 silly audit   immutable: [ '5.0.3' ],
16 silly audit   'import-fresh': [ '3.3.1' ],
16 silly audit   'import-local': [ '3.2.0' ],
16 silly audit   'pkg-dir': [ '4.2.0' ],
16 silly audit   imurmurhash: [ '0.1.4' ],
16 silly audit   'indent-string': [ '4.0.0' ],
16 silly audit   inflight: [ '1.0.6' ],
16 silly audit   inherits: [ '2.0.4' ],
16 silly audit   'internal-slot': [ '1.1.0' ],
16 silly audit   interpret: [ '3.1.1' ],
16 silly audit   'is-array-buffer': [ '3.0.5' ],
16 silly audit   'is-arrayish': [ '0.2.1' ],
16 silly audit   'is-async-function': [ '2.1.1' ],
16 silly audit   'is-bigint': [ '1.1.0' ],
16 silly audit   'is-boolean-object': [ '1.2.1' ],
16 silly audit   'is-callable': [ '1.2.7' ],
16 silly audit   'is-core-module': [ '2.16.1' ],
16 silly audit   'is-data-view': [ '1.0.2' ],
16 silly audit   'is-date-object': [ '1.1.0' ],
16 silly audit   'is-extglob': [ '2.1.1' ],
16 silly audit   'is-finalizationregistry': [ '1.1.1' ],
16 silly audit   'is-fullwidth-code-point': [ '3.0.0' ],
16 silly audit   'is-generator-fn': [ '2.1.0' ],
16 silly audit   'is-generator-function': [ '1.1.0' ],
16 silly audit   'is-glob': [ '4.0.3' ],
16 silly audit   'is-map': [ '2.0.3' ],
16 silly audit   'is-node-process': [ '1.2.0' ],
16 silly audit   'is-number': [ '7.0.0' ],
16 silly audit   'is-number-object': [ '1.1.1' ],
16 silly audit   'is-plain-object': [ '2.0.4' ],
16 silly audit   'is-potential-custom-element-name': [ '1.0.1' ],
16 silly audit   'is-regex': [ '1.2.1' ],
16 silly audit   'is-set': [ '2.0.3' ],
16 silly audit   'is-shared-array-buffer': [ '1.0.4' ],
16 silly audit   'is-stream': [ '2.0.1' ],
16 silly audit   'is-string': [ '1.1.1' ],
16 silly audit   'is-symbol': [ '1.1.1' ],
16 silly audit   'is-typed-array': [ '1.1.15' ],
16 silly audit   'is-weakmap': [ '2.0.2' ],
16 silly audit   'is-weakref': [ '1.1.0' ],
16 silly audit   'is-weakset': [ '2.0.4' ],
16 silly audit   isarray: [ '2.0.5' ],
16 silly audit   isexe: [ '2.0.0' ],
16 silly audit   isobject: [ '3.0.1' ],
16 silly audit   'istanbul-lib-coverage': [ '3.2.2' ],
16 silly audit   'istanbul-lib-instrument': [ '6.0.3' ],
16 silly audit   'istanbul-lib-report': [ '3.0.1' ],
16 silly audit   'istanbul-lib-source-maps': [ '5.0.6' ],
16 silly audit   'istanbul-reports': [ '3.2.0' ],
16 silly audit   'iterator.prototype': [ '1.1.5' ],
16 silly audit   jackspeak: [ '3.4.3' ],
16 silly audit   jest: [ '30.1.3' ],
16 silly audit   'jest-changed-files': [ '30.0.5' ],
16 silly audit   'jest-circus': [ '30.1.3' ],
16 silly audit   'jest-cli': [ '30.1.3' ],
16 silly audit   'jest-config': [ '30.1.3' ],
16 silly audit   'jest-diff': [ '30.1.2' ],
16 silly audit   'jest-docblock': [ '30.0.1' ],
16 silly audit   'jest-each': [ '30.1.0' ],
16 silly audit   'jest-environment-jsdom': [ '30.1.2' ],
16 silly audit   'jest-environment-node': [ '30.1.2' ],
16 silly audit   'jest-fixed-jsdom': [ '0.0.10' ],
16 silly audit   'jest-haste-map': [ '30.1.0' ],
16 silly audit   'jest-leak-detector': [ '30.1.0' ],
16 silly audit   'jest-matcher-utils': [ '30.1.2' ],
16 silly audit   'jest-message-util': [ '30.1.0' ],
16 silly audit   'jest-mock': [ '30.0.5' ],
16 silly audit   'jest-pnp-resolver': [ '1.2.3' ],
16 silly audit   'jest-regex-util': [ '30.0.1' ],
16 silly audit   'jest-resolve': [ '30.1.3' ],
16 silly audit   'jest-resolve-dependencies': [ '30.1.3' ],
16 silly audit   'jest-runner': [ '30.1.3' ],
16 silly audit   'source-map-support': [ '0.5.13', '0.5.21' ],
16 silly audit   'jest-runtime': [ '30.1.3' ],
16 silly audit   'strip-bom': [ '4.0.0', '3.0.0' ],
16 silly audit   'jest-snapshot': [ '30.1.2' ],
16 silly audit   'jest-util': [ '30.0.5' ],
16 silly audit   picomatch: [ '4.0.2', '2.3.1' ],
16 silly audit   'jest-validate': [ '30.1.0' ],
16 silly audit   'jest-watcher': [ '30.1.3' ],
16 silly audit   jquery: [ '3.7.1' ],
16 silly audit   'js-tokens': [ '4.0.0' ],
16 silly audit   jsdom: [ '26.1.0' ],
16 silly audit   jsesc: [ '3.1.0', '3.0.2' ],
16 silly audit   'json-buffer': [ '3.0.1' ],
16 silly audit   'json-parse-even-better-errors': [ '2.3.1' ],
16 silly audit   'json-stable-stringify-without-jsonify': [ '1.0.1' ],
16 silly audit   json5: [ '2.2.3' ],
16 silly audit   'jsx-ast-utils': [ '3.3.5' ],
16 silly audit   keyv: [ '4.5.4' ],
16 silly audit   'kind-of': [ '6.0.3' ],
16 silly audit   leven: [ '3.1.0' ],
16 silly audit   levn: [ '0.4.1' ],
16 silly audit   'lines-and-columns': [ '1.2.4' ],
16 silly audit   'loader-runner': [ '4.3.0' ],
16 silly audit   'lodash.debounce': [ '4.0.8' ],
16 silly audit   'lodash.memoize': [ '4.1.2' ],
16 silly audit   'lodash.merge': [ '4.6.2' ],
16 silly audit   'loose-envify': [ '1.4.0' ],
16 silly audit   'lz-string': [ '1.5.0' ],
16 silly audit   'make-dir': [ '4.0.0' ],
16 silly audit   'make-error': [ '1.3.6' ],
16 silly audit   makeerror: [ '1.0.12' ],
16 silly audit   'math-intrinsics': [ '1.1.0' ],
16 silly audit   'merge-stream': [ '2.0.0' ],
16 silly audit   merge2: [ '1.4.1' ],
16 silly audit   micromatch: [ '4.0.8' ],
16 silly audit   'mime-db': [ '1.52.0' ],
16 silly audit   'mime-types': [ '2.1.35' ],
16 silly audit   'mimic-fn': [ '2.1.0' ],
16 silly audit   'min-indent': [ '1.0.1' ],
16 silly audit   'mini-css-extract-plugin': [ '2.9.4' ],
16 silly audit   minimist: [ '1.2.8' ],
16 silly audit   minipass: [ '7.1.2' ],
16 silly audit   ms: [ '2.1.3' ],
16 silly audit   msw: [ '2.11.2' ],
16 silly audit   tldts: [ '7.0.12', '6.1.86' ],
16 silly audit   'tldts-core': [ '7.0.12', '6.1.86' ],
16 silly audit   'tough-cookie': [ '6.0.0', '5.1.2' ],
16 silly audit   'mute-stream': [ '2.0.0' ],
16 silly audit   nanoid: [ '3.3.8' ],
16 silly audit   'napi-postinstall': [ '0.3.3' ],
16 silly audit   'natural-compare': [ '1.4.0' ],
16 silly audit   'neo-async': [ '2.6.2' ],
16 silly audit   'node-addon-api': [ '7.1.1' ],
16 silly audit   'node-int64': [ '0.4.0' ],
16 silly audit   'node-releases': [ '2.0.19' ],
16 silly audit   'normalize-path': [ '3.0.0' ],
16 silly audit   'npm-run-path': [ '4.0.1' ],
16 silly audit   nwsapi: [ '2.2.21' ],
16 silly audit   'object-assign': [ '4.1.1' ],
16 silly audit   'object-inspect': [ '1.13.3' ],
16 silly audit   'object-keys': [ '1.1.1' ],
16 silly audit   'object.assign': [ '4.1.7' ],
16 silly audit   'object.entries': [ '1.1.9' ],
16 silly audit   'object.fromentries': [ '2.0.8' ],
16 silly audit   'object.values': [ '1.2.1' ],
16 silly audit   once: [ '1.4.0' ],
16 silly audit   onetime: [ '5.1.2' ],
16 silly audit   optionator: [ '0.9.4' ],
16 silly audit   outvariant: [ '1.4.3' ],
16 silly audit   'own-keys': [ '1.0.1' ],
16 silly audit   'p-try': [ '2.2.0' ],
16 silly audit   'package-json-from-dist': [ '1.0.1' ],
16 silly audit   'parent-module': [ '1.0.1' ],
16 silly audit   'parse-json': [ '5.2.0' ],
16 silly audit   parse5: [ '7.3.0' ],
16 silly audit   'path-exists': [ '4.0.0' ],
16 silly audit   'path-is-absolute': [ '1.0.1' ],
16 silly audit   'path-key': [ '3.1.1' ],
16 silly audit   'path-parse': [ '1.0.7' ],
16 silly audit   'path-scurry': [ '1.11.1' ],
16 silly audit   'path-to-regexp': [ '6.3.0' ],
16 silly audit   picocolors: [ '1.1.1' ],
16 silly audit   pirates: [ '4.0.7' ],
16 silly audit   'possible-typed-array-names': [ '1.0.0' ],
16 silly audit   postcss: [ '8.5.1' ],
16 silly audit   'postcss-modules-extract-imports': [ '3.1.0' ],
16 silly audit   'postcss-modules-local-by-default': [ '4.2.0' ],
16 silly audit   'postcss-modules-scope': [ '3.2.1' ],
16 silly audit   'postcss-modules-values': [ '4.0.0' ],
16 silly audit   'postcss-selector-parser': [ '7.0.0' ],
16 silly audit   'postcss-value-parser': [ '4.2.0' ],
16 silly audit   'prelude-ls': [ '1.2.1' ],
16 silly audit   prettier: [ '3.6.2' ],
16 silly audit   'prop-types': [ '15.8.1' ],
16 silly audit   punycode: [ '2.3.1' ],
16 silly audit   'pure-rand': [ '7.0.1' ],
16 silly audit   'queue-microtask': [ '1.2.3' ],
16 silly audit   randombytes: [ '2.1.0' ],
16 silly audit   react: [ '19.1.1' ],
16 silly audit   'react-dom': [ '19.1.1' ],
16 silly audit   'react-icons': [ '5.5.0' ],
16 silly audit   'react-redux': [ '9.2.0' ],
16 silly audit   'react-router': [ '7.8.2' ],
16 silly audit   'react-router-dom': [ '7.8.2' ],
16 silly audit   readdirp: [ '4.1.1' ],
16 silly audit   rechoir: [ '0.8.0' ],
16 silly audit   redent: [ '3.0.0' ],
16 silly audit   redux: [ '5.0.1' ],
16 silly audit   'redux-thunk': [ '3.1.0' ],
16 silly audit   'reflect.getprototypeof': [ '1.0.10' ],
16 silly audit   regenerate: [ '1.4.2' ],
16 silly audit   'regenerate-unicode-properties': [ '10.2.0' ],
16 silly audit   'regexp.prototype.flags': [ '1.5.4' ],
16 silly audit   'regexpu-core': [ '6.2.0' ],
16 silly audit   regjsgen: [ '0.8.0' ],
16 silly audit   regjsparser: [ '0.12.0' ],
16 silly audit   'require-directory': [ '2.1.1' ],
16 silly audit   'require-from-string': [ '2.0.2' ],
16 silly audit   reselect: [ '5.1.1' ],
16 silly audit   'resolve-cwd': [ '3.0.0' ],
16 silly audit   rettime: [ '0.7.0' ],
16 silly audit   reusify: [ '1.1.0' ],
16 silly audit   'rrweb-cssom': [ '0.8.0' ],
16 silly audit   'run-parallel': [ '1.2.0' ],
16 silly audit   'safe-array-concat': [ '1.1.3' ],
16 silly audit   'safe-buffer': [ '5.2.1' ],
16 silly audit   'safe-push-apply': [ '1.0.0' ],
16 silly audit   'safe-regex-test': [ '1.1.0' ],
16 silly audit   'safer-buffer': [ '2.1.2' ],
16 silly audit   sass: [ '1.92.1' ],
16 silly audit   'sass-loader': [ '16.0.5' ],
16 silly audit   saxes: [ '6.0.0' ],
16 silly audit   scheduler: [ '0.26.0' ],
16 silly audit   'schema-utils': [ '4.3.2' ],
16 silly audit   'ajv-keywords': [ '5.1.0' ],
16 silly audit   'serialize-javascript': [ '6.0.2' ],
16 silly audit   'set-cookie-parser': [ '2.7.1' ],
16 silly audit   'set-function-length': [ '1.2.2' ],
16 silly audit   'set-function-name': [ '2.0.2' ],
16 silly audit   'set-proto': [ '1.0.0' ],
16 silly audit   'shallow-clone': [ '3.0.1' ],
16 silly audit   'shebang-command': [ '2.0.0' ],
16 silly audit   'shebang-regex': [ '3.0.0' ],
16 silly audit   'side-channel': [ '1.1.0' ],
16 silly audit   'side-channel-list': [ '1.0.0' ],
16 silly audit   'side-channel-map': [ '1.0.1' ],
16 silly audit   'side-channel-weakmap': [ '1.0.2' ],
16 silly audit   slash: [ '3.0.0' ],
16 silly audit   'source-map': [ '0.6.1', '0.7.4' ],
16 silly audit   'source-map-js': [ '1.2.1' ],
16 silly audit   'sprintf-js': [ '1.0.3' ],
16 silly audit   'stack-utils': [ '2.0.6' ],
16 silly audit   statuses: [ '2.0.2' ],
16 silly audit   'strict-event-emitter': [ '0.5.1' ],
16 silly audit   'string-length': [ '4.0.2' ],
16 silly audit   'string.prototype.matchall': [ '4.0.12' ],
16 silly audit   'string.prototype.repeat': [ '1.0.0' ],
16 silly audit   'string.prototype.trim': [ '1.2.10' ],
16 silly audit   'string.prototype.trimend': [ '1.0.9' ],
16 silly audit   'string.prototype.trimstart': [ '1.0.8' ],
16 silly audit   'strip-final-newline': [ '2.0.0' ],
16 silly audit   'strip-indent': [ '3.0.0' ],
16 silly audit   'strip-json-comments': [ '3.1.1' ],
16 silly audit   'supports-preserve-symlinks-flag': [ '1.0.0' ],
16 silly audit   sweetalert2: [ '11.23.0' ],
16 silly audit   'symbol-tree': [ '3.2.4' ],
16 silly audit   synckit: [ '0.11.11' ],
16 silly audit   tapable: [ '2.2.1' ],
16 silly audit   terser: [ '5.37.0' ],
16 silly audit   'terser-webpack-plugin': [ '5.3.11' ],
16 silly audit   'test-exclude': [ '6.0.0' ],
16 silly audit   tmpl: [ '1.0.5' ],
16 silly audit   'to-regex-range': [ '5.0.1' ],
16 silly audit   tr46: [ '5.1.1' ],
16 silly audit   'ts-api-utils': [ '2.1.0' ],
16 silly audit   'ts-jest': [ '29.4.1' ],
16 silly audit   'ts-loader': [ '9.5.4' ],
16 silly audit   'tsconfig-paths': [ '4.2.0' ],
16 silly audit   'tsconfig-paths-webpack-plugin': [ '4.2.0' ],
16 silly audit   tslib: [ '2.8.1' ],
16 silly audit   'type-check': [ '0.4.0' ],
16 silly audit   'type-detect': [ '4.0.8' ],
16 silly audit   'typed-array-buffer': [ '1.0.3' ],
16 silly audit   'typed-array-byte-length': [ '1.0.3' ],
16 silly audit   'typed-array-byte-offset': [ '1.0.4' ],
16 silly audit   'typed-array-length': [ '1.0.7' ],
16 silly audit   typescript: [ '5.9.2' ],
16 silly audit   'uglify-js': [ '3.19.3' ],
16 silly audit   'unbox-primitive': [ '1.1.0' ],
16 silly audit   'undici-types': [ '6.20.0' ],
16 silly audit   'unicode-canonical-property-names-ecmascript': [ '2.0.1' ],
16 silly audit   'unicode-match-property-ecmascript': [ '2.0.0' ],
16 silly audit   'unicode-match-property-value-ecmascript': [ '2.2.0' ],
16 silly audit   'unicode-property-aliases-ecmascript': [ '2.1.0' ],
16 silly audit   'unrs-resolver': [ '1.11.1' ],
16 silly audit   'update-browserslist-db': [ '1.1.3' ],
16 silly audit   'uri-js': [ '4.4.1' ],
16 silly audit   'use-sync-external-store': [ '1.4.0' ],
16 silly audit   'util-deprecate': [ '1.0.2' ],
16 silly audit   'v8-to-istanbul': [ '9.3.0' ],
16 silly audit   'w3c-xmlserializer': [ '5.0.0' ],
16 silly audit   walker: [ '1.0.8' ],
16 silly audit   watchpack: [ '2.4.2' ],
16 silly audit   'webidl-conversions': [ '7.0.0' ],
16 silly audit   webpack: [ '5.101.3' ],
16 silly audit   'webpack-cli': [ '6.0.1' ],
16 silly audit   'webpack-merge': [ '6.0.1' ],
16 silly audit   'webpack-sources': [ '3.3.3' ],
16 silly audit   'whatwg-encoding': [ '3.1.1' ],
16 silly audit   'whatwg-mimetype': [ '4.0.0' ],
16 silly audit   'whatwg-url': [ '14.2.0' ],
16 silly audit   which: [ '2.0.2' ],
16 silly audit   'which-boxed-primitive': [ '1.1.1' ],
16 silly audit   'which-builtin-type': [ '1.2.1' ],
16 silly audit   'which-collection': [ '1.0.2' ],
16 silly audit   'which-typed-array': [ '1.1.18' ],
16 silly audit   wildcard: [ '2.0.1' ],
16 silly audit   'word-wrap': [ '1.2.5' ],
16 silly audit   wordwrap: [ '1.0.0' ],
16 silly audit   wrappy: [ '1.0.2' ],
16 silly audit   'write-file-atomic': [ '5.0.1' ],
16 silly audit   ws: [ '8.18.3' ],
16 silly audit   'xml-name-validator': [ '5.0.0' ],
16 silly audit   xmlchars: [ '2.2.0' ],
16 silly audit   y18n: [ '5.0.8' ],
16 silly audit   yallist: [ '3.1.1' ],
16 silly audit   yargs: [ '17.7.2' ],
16 silly audit   'yargs-parser': [ '21.1.1' ],
16 silly audit   'yocto-queue': [ '0.1.0' ],
16 silly audit   'yoctocolors-cjs': [ '2.1.2' ]
16 silly audit }
17 verbose reify failed optional dependency /usr/src/app/node_modules/fsevents
18 silly reify mark deleted [ '/usr/src/app/node_modules/fsevents' ]
19 verbose reify failed optional dependency /usr/src/app/node_modules/@unrs/resolver-binding-win32-x64-msvc
20 silly reify mark deleted [ '/usr/src/app/node_modules/@unrs/resolver-binding-win32-x64-msvc' ]
21 verbose reify failed optional dependency /usr/src/app/node_modules/@unrs/resolver-binding-win32-ia32-msvc
22 silly reify mark deleted [ '/usr/src/app/node_modules/@unrs/resolver-binding-win32-ia32-msvc' ]
23 verbose reify failed optional dependency /usr/src/app/node_modules/@unrs/resolver-binding-win32-arm64-msvc
24 silly reify mark deleted [ '/usr/src/app/node_modules/@unrs/resolver-binding-win32-arm64-msvc' ]
25 verbose reify failed optional dependency /usr/src/app/node_modules/@unrs/resolver-binding-wasm32-wasi
26 silly reify mark deleted [ '/usr/src/app/node_modules/@unrs/resolver-binding-wasm32-wasi' ]
27 verbose reify failed optional dependency /usr/src/app/node_modules/@napi-rs/wasm-runtime
28 silly reify mark deleted [ '/usr/src/app/node_modules/@napi-rs/wasm-runtime' ]
29 verbose reify failed optional dependency /usr/src/app/node_modules/@emnapi/core
30 silly reify mark deleted [ '/usr/src/app/node_modules/@emnapi/core' ]
31 verbose reify failed optional dependency /usr/src/app/node_modules/@emnapi/runtime
32 silly reify mark deleted [ '/usr/src/app/node_modules/@emnapi/runtime' ]
33 verbose reify failed optional dependency /usr/src/app/node_modules/@tybys/wasm-util
34 silly reify mark deleted [ '/usr/src/app/node_modules/@tybys/wasm-util' ]
35 verbose reify failed optional dependency /usr/src/app/node_modules/@emnapi/wasi-threads
36 silly reify mark deleted [ '/usr/src/app/node_modules/@emnapi/wasi-threads' ]
37 verbose reify failed optional dependency /usr/src/app/node_modules/@unrs/resolver-binding-linux-s390x-gnu
38 silly reify mark deleted [ '/usr/src/app/node_modules/@unrs/resolver-binding-linux-s390x-gnu' ]
39 verbose reify failed optional dependency /usr/src/app/node_modules/@unrs/resolver-binding-linux-riscv64-musl
40 silly reify mark deleted [
40 silly reify   '/usr/src/app/node_modules/@unrs/resolver-binding-linux-riscv64-musl'
40 silly reify ]
41 verbose reify failed optional dependency /usr/src/app/node_modules/@unrs/resolver-binding-linux-riscv64-gnu
42 silly reify mark deleted [
42 silly reify   '/usr/src/app/node_modules/@unrs/resolver-binding-linux-riscv64-gnu'
42 silly reify ]
43 verbose reify failed optional dependency /usr/src/app/node_modules/@unrs/resolver-binding-linux-ppc64-gnu
44 silly reify mark deleted [ '/usr/src/app/node_modules/@unrs/resolver-binding-linux-ppc64-gnu' ]
45 verbose reify failed optional dependency /usr/src/app/node_modules/@unrs/resolver-binding-linux-arm64-musl
46 silly reify mark deleted [ '/usr/src/app/node_modules/@unrs/resolver-binding-linux-arm64-musl' ]
47 verbose reify failed optional dependency /usr/src/app/node_modules/@unrs/resolver-binding-linux-arm64-gnu
48 silly reify mark deleted [ '/usr/src/app/node_modules/@unrs/resolver-binding-linux-arm64-gnu' ]
49 verbose reify failed optional dependency /usr/src/app/node_modules/@unrs/resolver-binding-linux-arm-musleabihf
50 silly reify mark deleted [
50 silly reify   '/usr/src/app/node_modules/@unrs/resolver-binding-linux-arm-musleabihf'
50 silly reify ]
51 verbose reify failed optional dependency /usr/src/app/node_modules/@unrs/resolver-binding-linux-arm-gnueabihf
52 silly reify mark deleted [
52 silly reify   '/usr/src/app/node_modules/@unrs/resolver-binding-linux-arm-gnueabihf'
52 silly reify ]
53 verbose reify failed optional dependency /usr/src/app/node_modules/@unrs/resolver-binding-freebsd-x64
54 silly reify mark deleted [ '/usr/src/app/node_modules/@unrs/resolver-binding-freebsd-x64' ]
55 verbose reify failed optional dependency /usr/src/app/node_modules/@unrs/resolver-binding-darwin-x64
56 silly reify mark deleted [ '/usr/src/app/node_modules/@unrs/resolver-binding-darwin-x64' ]
57 verbose reify failed optional dependency /usr/src/app/node_modules/@unrs/resolver-binding-darwin-arm64
58 silly reify mark deleted [ '/usr/src/app/node_modules/@unrs/resolver-binding-darwin-arm64' ]
59 verbose reify failed optional dependency /usr/src/app/node_modules/@unrs/resolver-binding-android-arm64
60 silly reify mark deleted [ '/usr/src/app/node_modules/@unrs/resolver-binding-android-arm64' ]
61 verbose reify failed optional dependency /usr/src/app/node_modules/@unrs/resolver-binding-android-arm-eabi
62 silly reify mark deleted [ '/usr/src/app/node_modules/@unrs/resolver-binding-android-arm-eabi' ]
63 verbose reify failed optional dependency /usr/src/app/node_modules/@parcel/watcher-win32-x64
64 silly reify mark deleted [ '/usr/src/app/node_modules/@parcel/watcher-win32-x64' ]
65 verbose reify failed optional dependency /usr/src/app/node_modules/@parcel/watcher-win32-ia32
66 silly reify mark deleted [ '/usr/src/app/node_modules/@parcel/watcher-win32-ia32' ]
67 verbose reify failed optional dependency /usr/src/app/node_modules/@parcel/watcher-win32-arm64
68 silly reify mark deleted [ '/usr/src/app/node_modules/@parcel/watcher-win32-arm64' ]
69 verbose reify failed optional dependency /usr/src/app/node_modules/@parcel/watcher-linux-arm64-musl
70 silly reify mark deleted [ '/usr/src/app/node_modules/@parcel/watcher-linux-arm64-musl' ]
71 verbose reify failed optional dependency /usr/src/app/node_modules/@parcel/watcher-linux-arm64-glibc
72 silly reify mark deleted [ '/usr/src/app/node_modules/@parcel/watcher-linux-arm64-glibc' ]
73 verbose reify failed optional dependency /usr/src/app/node_modules/@parcel/watcher-linux-arm-musl
74 silly reify mark deleted [ '/usr/src/app/node_modules/@parcel/watcher-linux-arm-musl' ]
75 verbose reify failed optional dependency /usr/src/app/node_modules/@parcel/watcher-linux-arm-glibc
76 silly reify mark deleted [ '/usr/src/app/node_modules/@parcel/watcher-linux-arm-glibc' ]
77 verbose reify failed optional dependency /usr/src/app/node_modules/@parcel/watcher-freebsd-x64
78 silly reify mark deleted [ '/usr/src/app/node_modules/@parcel/watcher-freebsd-x64' ]
79 verbose reify failed optional dependency /usr/src/app/node_modules/@parcel/watcher-darwin-x64
80 silly reify mark deleted [ '/usr/src/app/node_modules/@parcel/watcher-darwin-x64' ]
81 verbose reify failed optional dependency /usr/src/app/node_modules/@parcel/watcher-darwin-arm64
82 silly reify mark deleted [ '/usr/src/app/node_modules/@parcel/watcher-darwin-arm64' ]
83 verbose reify failed optional dependency /usr/src/app/node_modules/@parcel/watcher-android-arm64
84 silly reify mark deleted [ '/usr/src/app/node_modules/@parcel/watcher-android-arm64' ]
85 http cache @emnapi/core@https://registry.npmjs.org/@emnapi/core/-/core-1.5.0.tgz 1ms (cache hit)
86 http cache @emnapi/wasi-threads@https://registry.npmjs.org/@emnapi/wasi-threads/-/wasi-threads-1.1.0.tgz 0ms (cache hit)
87 http cache @tybys/wasm-util@https://registry.npmjs.org/@tybys/wasm-util/-/wasm-util-0.10.0.tgz 0ms (cache hit)
88 http cache @napi-rs/wasm-runtime@https://registry.npmjs.org/@napi-rs/wasm-runtime/-/wasm-runtime-0.2.12.tgz 0ms (cache hit)
89 http cache @emnapi/runtime@https://registry.npmjs.org/@emnapi/runtime/-/runtime-1.5.0.tgz 0ms (cache hit)
90 http fetch POST 200 https://registry.npmjs.org/-/npm/v1/security/advisories/bulk 465ms
91 silly audit report {}
92 silly ADD
93 silly ADD
94 silly ADD
95 silly ADD
96 silly ADD
97 silly ADD
98 silly ADD
99 silly ADD
100 silly ADD
101 silly ADD
102 silly ADD
103 silly ADD
104 silly ADD
105 silly ADD
106 silly ADD
107 silly ADD
108 silly ADD
109 silly ADD
110 silly ADD
111 silly ADD
112 silly ADD
113 silly ADD
114 silly ADD
115 silly ADD
116 silly ADD
117 silly ADD
118 silly ADD
119 silly ADD
120 silly ADD
121 silly ADD
122 silly ADD
123 silly ADD
124 silly ADD
125 silly ADD
126 verbose cwd /usr/src/app
127 verbose os Linux 5.15.167.4-microsoft-standard-WSL2
128 verbose node v22.19.0
129 verbose npm  v10.9.3
130 verbose exit 0
131 info ok
